<?xml version="1.0" encoding="UTF-8"?>
<!-- Generated by org.testng.reporters.JUnitXMLReporter -->
<testsuite ignored="0" hostname="RAVINGUP-LAP" failures="1" tests="1" name="Test" time="5.434" errors="0" timestamp="31 Oct 2019 07:12:28 GMT">
  <testcase classname="edurekaproject.FirstClass" name="f" time="5.409">
    <failure type="java.lang.NullPointerException">
      <![CDATA[java.lang.NullPointerException
	at edurekaproject.FirstClass.assertall(FirstClass.java:33)
	at edurekaproject.FirstClass.f(FirstClass.java:20)
... Removed 28 stack frames]]>
    </failure>
  </testcase> <!-- f -->
</testsuite> <!-- Test -->
