<?xml version="1.0" encoding="UTF-8"?>
<testsuite xmlns:xsi="http://www.w3.org/2001/XMLSchema-instance" xsi:schemaLocation="https://maven.apache.org/surefire/maven-surefire-plugin/xsd/surefire-test-report.xsd" name="TestSuite" time="6.118" tests="1" errors="0" skipped="0" failures="1">
  <properties>
[...]
</properties>
  <testcase name="f" classname="edurekaproject.FirstClass" time="5.416">
    <failure type="java.lang.NullPointerException">java.lang.NullPointerException
	at edurekaproject.FirstClass.assertall(FirstClass.java:33)
	at edurekaproject.FirstClass.f(FirstClass.java:20)
</failure>
    <system-err><![CDATA[Starting ChromeDriver 2.41.578737 (49da6702b16031c40d63e5618de03a32ff6c197e) on port 3673
Only local connections are allowed.
Oct 31, 2019 12:42:26 PM org.openqa.selenium.remote.ProtocolHandshake createSession
INFO: Detected dialect: OSS
]]></system-err>
  </testcase>
</testsuite>