-------------------------------------------------------------------------------
Test set: TestSuite
-------------------------------------------------------------------------------
Tests run: 1, Failures: 1, Errors: 0, Skipped: 0, Time elapsed: 2.693 sec <<< FAILURE! - in TestSuite
testcase(edurekaproject.FirstClass)  Time elapsed: 2.207 sec  <<< FAILURE!
java.lang.AssertionError: 
The following asserts failed:
	All about page is not displayed
	at edurekaproject.FirstClass.testcase(FirstClass.java:27)

