<?xml version="1.0" encoding="UTF-8"?>
<testng-results ignored="0" total="1" passed="1" failed="0" skipped="0">
  <reporter-output>
  </reporter-output>
  <suite started-at="2019-10-30T14:53:36Z" name="Suite" finished-at="2019-10-30T14:53:42Z" duration-ms="5763">
    <groups>
    </groups>
    <test started-at="2019-10-30T14:53:36Z" name="Test" finished-at="2019-10-30T14:53:42Z" duration-ms="5763">
      <class name="edurekaproject.FirstClass">
        <test-method signature="f()[pri:0, instance:edurekaproject.FirstClass@7d68ef40]" started-at="2019-10-30T14:53:36Z" name="f" finished-at="2019-10-30T14:53:42Z" duration-ms="5737" status="PASS">
          <reporter-output>
          </reporter-output>
        </test-method> <!-- f -->
      </class> <!-- edurekaproject.FirstClass -->
    </test> <!-- Test -->
  </suite> <!-- Suite -->
</testng-results>
